SF:my/example/project/src/main/java/com/sample/project/SampleApplication.java
FN:7,com/sample/project/SampleApplication::<init> ()V
FN:9,com/sample/project/SampleApplication::main ([Ljava/lang/String;)V
FNDA:0,com/sample/project/SampleApplication::<init> ()V
FNDA:0,com/sample/project/SampleApplication::main ([Ljava/lang/String;)V
FNF:2
FNH:0
DA:7,0
DA:9,0
DA:10,0
LH:0
LF:3
end_of_record
SF:my/example/project/src/main/java/com/sample/project/common/Constants.java
FN:3,com/sample/project/common/Constants::<init> ()V
FNDA:0,com/sample/project/common/Constants::<init> ()V
FNF:1
FNH:0
DA:3,0
LH:0
LF:1
end_of_record
SF:my/example/project/src/main/java/com/sample/project/foo/bar/PinotDao.java
FNF:0
FNH:0
LH:0
LF:0
end_of_record
SF:my/example/project/src/main/java/com/sample/project/foo/bar/SampleClass.java
FN:30,com/sample/project/foo/bar/SampleClass::<clinit> ()V
FN:45,com/sample/project/foo/bar/SampleClass::<init> (Lcom/sample/my/example/common/client/bar/PinotClient;)V
FN:40,com/sample/project/foo/bar/SampleClass::<init> (Lcom/sample/my/example/common/client/bar/SampleClientConfig;)V
FN:212,com/sample/project/foo/bar/SampleClass::convertTimestampToDataTime (Ljava/lang/String;)Ljava/lang/String;
FN:164,com/sample/project/foo/bar/SampleClass::execute (Ljava/lang/String;)Ljava/util/List;
FN:79,com/sample/project/foo/bar/SampleClass::getLatestResourceAccessRecords (Lcom/sample/project/model/common/ResourceType;Ljava/lang/String;)Ljava/util/List;
FN:130,com/sample/project/foo/bar/SampleClass::getLatestResourcePermissionRecords (Lcom/sample/project/model/common/ResourceType;Ljava/lang/String;)Ljava/util/List;
FN:51,com/sample/project/foo/bar/SampleClass::getLatestUserRecords (Ljava/lang/String;)Ljava/util/List;
FN:89,com/sample/project/foo/bar/SampleClass::getResourceAccessRecords (Lcom/sample/project/model/common/ResourceType;Ljava/lang/String;JJ)Ljava/util/List;
FN:140,com/sample/project/foo/bar/SampleClass::getResourcePermissionRecords (Lcom/sample/project/model/common/ResourceType;Ljava/lang/String;JJ)Ljava/util/List;
FN:61,com/sample/project/foo/bar/SampleClass::getUserRecords (Ljava/lang/String;JJ)Ljava/util/List;
FN:180,com/sample/project/foo/bar/SampleClass::parseLogRecordFromResponseBody (Ljava/lang/String;)Ljava/util/List;
FNDA:1,com/sample/project/foo/bar/SampleClass::<clinit> ()V
FNDA:1,com/sample/project/foo/bar/SampleClass::<init> (Lcom/sample/my/example/common/client/bar/PinotClient;)V
FNDA:0,com/sample/project/foo/bar/SampleClass::<init> (Lcom/sample/my/example/common/client/bar/SampleClientConfig;)V
FNDA:1,com/sample/project/foo/bar/SampleClass::convertTimestampToDataTime (Ljava/lang/String;)Ljava/lang/String;
FNDA:1,com/sample/project/foo/bar/SampleClass::execute (Ljava/lang/String;)Ljava/util/List;
FNDA:1,com/sample/project/foo/bar/SampleClass::getLatestResourceAccessRecords (Lcom/sample/project/model/common/ResourceType;Ljava/lang/String;)Ljava/util/List;
FNDA:1,com/sample/project/foo/bar/SampleClass::getLatestResourcePermissionRecords (Lcom/sample/project/model/common/ResourceType;Ljava/lang/String;)Ljava/util/List;
FNDA:1,com/sample/project/foo/bar/SampleClass::getLatestUserRecords (Ljava/lang/String;)Ljava/util/List;
FNDA:1,com/sample/project/foo/bar/SampleClass::getResourceAccessRecords (Lcom/sample/project/model/common/ResourceType;Ljava/lang/String;JJ)Ljava/util/List;
FNDA:1,com/sample/project/foo/bar/SampleClass::getResourcePermissionRecords (Lcom/sample/project/model/common/ResourceType;Ljava/lang/String;JJ)Ljava/util/List;
FNDA:1,com/sample/project/foo/bar/SampleClass::getUserRecords (Ljava/lang/String;JJ)Ljava/util/List;
FNDA:1,com/sample/project/foo/bar/SampleClass::parseLogRecordFromResponseBody (Ljava/lang/String;)Ljava/util/List;
FNF:12
FNH:11
BRDA:40,0,0,-
BRDA:40,0,1,-
BRDA:45,0,0,0
BRDA:45,0,1,1
BRDA:51,0,0,0
BRDA:51,0,1,1
BRDA:61,0,0,0
BRDA:61,0,1,1
BRDA:79,0,0,0
BRDA:79,0,1,1
BRDA:79,0,2,0
BRDA:79,0,3,1
BRDA:89,0,0,0
BRDA:89,0,1,1
BRDA:90,0,0,0
BRDA:90,0,1,1
BRDA:97,0,0,1
BRDA:97,0,1,0
BRDA:107,0,0,-
BRDA:107,0,1,-
BRDA:130,0,0,0
BRDA:130,0,1,1
BRDA:130,0,2,0
BRDA:130,0,3,1
BRDA:140,0,0,0
BRDA:140,0,1,1
BRDA:141,0,0,0
BRDA:141,0,1,1
BRDA:146,0,0,0
BRDA:146,0,1,1
BRDA:146,0,2,1
BRDA:146,0,3,0
BRDA:186,0,0,0
BRDA:186,0,1,1
BRDA:194,0,0,1
BRDA:194,0,1,1
BRDA:196,0,0,1
BRDA:196,0,1,1
BRDA:199,0,0,1
BRDA:199,0,1,1
BRDA:199,0,2,1
BRDA:199,0,3,1
BRF:42
BRH:23
DA:30,1
DA:40,0
DA:41,0
DA:42,0
DA:43,0
DA:45,1
DA:46,1
DA:47,1
DA:48,1
DA:51,1
DA:54,1
DA:55,1
DA:56,1
DA:61,1
DA:64,1
DA:65,1
DA:69,1
DA:70,1
DA:72,1
DA:74,1
DA:79,1
DA:82,1
DA:83,1
DA:84,1
DA:89,1
DA:90,1
DA:97,1
DA:98,1
DA:99,1
DA:102,1
DA:103,1
DA:106,1
DA:107,0
DA:108,0
DA:109,0
DA:111,0
DA:112,0
DA:115,0
DA:116,0
DA:120,0
DA:121,0
DA:122,0
DA:125,1
DA:130,1
DA:133,1
DA:134,1
DA:135,1
DA:140,1
DA:141,1
DA:146,1
DA:147,1
DA:148,1
DA:151,1
DA:152,1
DA:154,1
DA:156,1
DA:157,1
DA:159,0
DA:164,1
DA:166,1
DA:168,1
DA:170,1
DA:173,1
DA:175,1
DA:180,1
DA:182,1
DA:184,1
DA:185,1
DA:186,1
DA:187,0
DA:189,1
DA:191,1
DA:192,1
DA:194,1
DA:195,1
DA:196,1
DA:197,1
DA:198,1
DA:199,1
DA:200,1
DA:202,1
DA:204,1
DA:205,1
DA:206,1
DA:212,1
DA:213,1
DA:214,1
LH:71
LF:87
end_of_record
SF:my/example/project/src/main/java/com/sample/project/detection/InMemoryRuleManager.java
FN:7,com/sample/project/detection/InMemoryRuleManager::<init> ()V
FN:11,com/sample/project/detection/InMemoryRuleManager::add (Lcom/sample/project/model/common/detection/Rule;)Z
FN:16,com/sample/project/detection/InMemoryRuleManager::get (Ljava/lang/String;)Lcom/sample/project/model/common/detection/Rule;
FN:26,com/sample/project/detection/InMemoryRuleManager::remove (Ljava/lang/String;)Z
FN:21,com/sample/project/detection/InMemoryRuleManager::update ()Lcom/sample/project/model/common/detection/Rule;
FNDA:0,com/sample/project/detection/InMemoryRuleManager::<init> ()V
FNDA:0,com/sample/project/detection/InMemoryRuleManager::add (Lcom/sample/project/model/common/detection/Rule;)Z
FNDA:0,com/sample/project/detection/InMemoryRuleManager::get (Ljava/lang/String;)Lcom/sample/project/model/common/detection/Rule;
FNDA:0,com/sample/project/detection/InMemoryRuleManager::remove (Ljava/lang/String;)Z
FNDA:0,com/sample/project/detection/InMemoryRuleManager::update ()Lcom/sample/project/model/common/detection/Rule;
FNF:5
FNH:0
DA:7,0
DA:11,0
DA:16,0
DA:21,0
DA:26,0
LH:0
LF:5
end_of_record
SF:my/example/project/src/main/java/com/sample/project/detection/RuleManager.java
FNF:0
FNH:0
LH:0
LF:0
end_of_record
SF:my/example/project/src/main/java/com/sample/project/detection/RuleValidator.java
FNF:0
FNH:0
LH:0
LF:0
end_of_record
SF:my/example/project/src/main/java/com/sample/project/detection/SimpleRuleValidator.java
FN:10,com/sample/project/detection/SimpleRuleValidator::<init> ()V
FN:15,com/sample/project/detection/SimpleRuleValidator::validate (Lcom/sample/project/model/common/detection/Rule;Lcom/sample/project/model/common/log/LogRecord;)Lcom/sample/project/model/common/detection/Result;
FN:21,com/sample/project/detection/SimpleRuleValidator::validate (Lcom/sample/project/model/common/detection/Rule;Ljava/util/List;)Lcom/sample/project/model/common/detection/Result;
FNDA:0,com/sample/project/detection/SimpleRuleValidator::<init> ()V
FNDA:0,com/sample/project/detection/SimpleRuleValidator::validate (Lcom/sample/project/model/common/detection/Rule;Lcom/sample/project/model/common/log/LogRecord;)Lcom/sample/project/model/common/detection/Result;
FNDA:0,com/sample/project/detection/SimpleRuleValidator::validate (Lcom/sample/project/model/common/detection/Rule;Ljava/util/List;)Lcom/sample/project/model/common/detection/Result;
FNF:3
FNH:0
DA:10,0
DA:15,0
DA:21,0
LH:0
LF:3
end_of_record
SF:my/example/project/src/main/java/com/sample/project/model/common/ResourceType.java
FN:3,com/sample/project/model/common/ResourceType::<clinit> ()V
FNDA:1,com/sample/project/model/common/ResourceType::<clinit> ()V
FNF:1
FNH:1
DA:3,1
DA:4,1
DA:5,1
LH:3
LF:3
end_of_record
SF:my/example/project/src/main/java/com/sample/project/model/common/Response.java
FNF:0
FNH:0
LH:0
LF:0
end_of_record
SF:my/example/project/src/main/java/com/sample/project/model/common/Status.java
FN:3,com/sample/project/model/common/Status::<clinit> ()V
FNDA:1,com/sample/project/model/common/Status::<clinit> ()V
FNF:1
FNH:1
DA:3,1
DA:4,1
DA:5,1
LH:3
LF:3
end_of_record
SF:my/example/project/src/main/java/com/sample/project/model/common/ServiceException.java
FN:6,com/sample/project/model/common/ServiceException::<init> (Ljava/lang/String;)V
FN:10,com/sample/project/model/common/ServiceException::<init> (Ljava/lang/Throwable;)V
FNDA:1,com/sample/project/model/common/ServiceException::<init> (Ljava/lang/String;)V
FNDA:0,com/sample/project/model/common/ServiceException::<init> (Ljava/lang/Throwable;)V
FNF:2
FNH:1
DA:6,1
DA:7,1
DA:10,0
DA:11,0
LH:2
LF:4
end_of_record
SF:my/example/project/src/main/java/com/sample/project/model/common/detection/Action.java
FNF:0
FNH:0
LH:0
LF:0
end_of_record
SF:my/example/project/src/main/java/com/sample/project/model/common/detection/ActionType.java
FN:3,com/sample/project/model/common/detection/ActionType::<clinit> ()V
FNDA:0,com/sample/project/model/common/detection/ActionType::<clinit> ()V
FNF:1
FNH:0
DA:3,0
DA:4,0
LH:0
LF:2
end_of_record
SF:my/example/project/src/main/java/com/sample/project/model/common/detection/Condition.java
FNF:0
FNH:0
LH:0
LF:0
end_of_record
SF:my/example/project/src/main/java/com/sample/project/model/common/detection/ConditionGroup.java
FNF:0
FNH:0
LH:0
LF:0
end_of_record
SF:my/example/project/src/main/java/com/sample/project/model/common/detection/ConditionType.java
FN:3,com/sample/project/model/common/detection/ConditionType::<clinit> ()V
FNDA:0,com/sample/project/model/common/detection/ConditionType::<clinit> ()V
FNF:1
FNH:0
DA:3,0
DA:4,0
DA:5,0
DA:6,0
DA:7,0
DA:8,0
LH:0
LF:6
end_of_record
SF:my/example/project/src/main/java/com/sample/project/model/common/detection/DetectionRecord.java
FNF:0
FNH:0
LH:0
LF:0
end_of_record
SF:my/example/project/src/main/java/com/sample/project/model/common/detection/Result.java
FNF:0
FNH:0
LH:0
LF:0
end_of_record
SF:my/example/project/src/main/java/com/sample/project/model/common/detection/Rule.java
FNF:0
FNH:0
LH:0
LF:0
end_of_record
SF:my/example/project/src/main/java/com/sample/project/model/common/detection/Target.java
FNF:0
FNH:0
LH:0
LF:0
end_of_record
SF:my/example/project/src/main/java/com/sample/project/model/common/detection/TargetType.java
FN:3,com/sample/project/model/common/detection/TargetType::<clinit> ()V
FNDA:0,com/sample/project/model/common/detection/TargetType::<clinit> ()V
FNF:1
FNH:0
DA:3,0
DA:4,0
LH:0
LF:2
end_of_record
SF:my/example/project/src/main/java/com/sample/project/model/common/log/LogRecord.java
FNF:0
FNH:0
LH:0
LF:0
end_of_record
SF:my/example/project/src/main/java/com/sample/project/resources/DetectionResource.java
FN:37,com/sample/project/resources/DetectionResource::<clinit> ()V
FN:42,com/sample/project/resources/DetectionResource::<init> ()V
FN:50,com/sample/project/resources/DetectionResource::<init> (Lcom/sample/project/detection/RuleManager;Lcom/sample/project/detection/RuleValidator;)V
FN:74,com/sample/project/resources/DetectionResource::validateBatchByRule (Ljava/lang/String;Ljava/util/List;Ljavax/ws/rs/core/HttpHeaders;)Lcom/sample/project/model/common/Response;
FNDA:1,com/sample/project/resources/DetectionResource::<clinit> ()V
FNDA:0,com/sample/project/resources/DetectionResource::<init> ()V
FNDA:1,com/sample/project/resources/DetectionResource::<init> (Lcom/sample/project/detection/RuleManager;Lcom/sample/project/detection/RuleValidator;)V
FNDA:1,com/sample/project/resources/DetectionResource::validateBatchByRule (Ljava/lang/String;Ljava/util/List;Ljavax/ws/rs/core/HttpHeaders;)Lcom/sample/project/model/common/Response;
FNF:4
FNH:3
DA:37,1
DA:42,0
DA:43,0
DA:44,0
DA:45,0
DA:46,0
DA:47,0
DA:50,1
DA:51,1
DA:52,1
DA:53,1
DA:54,1
DA:55,1
DA:74,1
DA:76,1
DA:79,1
DA:81,1
DA:83,1
DA:85,1
DA:86,1
DA:87,1
DA:88,1
DA:89,1
DA:91,1
LH:18
LF:24
end_of_record
SF:my/example/project/src/main/java/com/sample/project/resources/TimelineResource.java
FN:38,com/sample/project/resources/TimelineResource::<clinit> ()V
FN:43,com/sample/project/resources/TimelineResource::<init> (Lcom/sample/my/example/common/client/bar/SampleClientConfig;)V
FN:50,com/sample/project/resources/TimelineResource::<init> (Lcom/sample/my/example/common/client/bar/SampleClientConfig;Lcom/sample/project/foo/bar/PinotDao;)V
FN:105,com/sample/project/resources/TimelineResource::getLatestResourceAccessTimeline (Ljava/lang/String;Ljava/lang/String;Ljavax/ws/rs/core/HttpHeaders;)Lcom/sample/project/model/common/Response;
FN:147,com/sample/project/resources/TimelineResource::getLatestResourcePermissionTimeline (Ljava/lang/String;Ljava/lang/String;Ljavax/ws/rs/core/HttpHeaders;)Lcom/sample/project/model/common/Response;
FN:70,com/sample/project/resources/TimelineResource::getLatestUserTimeline (Ljava/lang/String;Ljavax/ws/rs/core/HttpHeaders;)Lcom/sample/project/model/common/Response;
FNDA:1,com/sample/project/resources/TimelineResource::<clinit> ()V
FNDA:0,com/sample/project/resources/TimelineResource::<init> (Lcom/sample/my/example/common/client/bar/SampleClientConfig;)V
FNDA:1,com/sample/project/resources/TimelineResource::<init> (Lcom/sample/my/example/common/client/bar/SampleClientConfig;Lcom/sample/project/foo/bar/PinotDao;)V
FNDA:1,com/sample/project/resources/TimelineResource::getLatestResourceAccessTimeline (Ljava/lang/String;Ljava/lang/String;Ljavax/ws/rs/core/HttpHeaders;)Lcom/sample/project/model/common/Response;
FNDA:1,com/sample/project/resources/TimelineResource::getLatestResourcePermissionTimeline (Ljava/lang/String;Ljava/lang/String;Ljavax/ws/rs/core/HttpHeaders;)Lcom/sample/project/model/common/Response;
FNDA:1,com/sample/project/resources/TimelineResource::getLatestUserTimeline (Ljava/lang/String;Ljavax/ws/rs/core/HttpHeaders;)Lcom/sample/project/model/common/Response;
FNF:6
FNH:5
DA:38,1
DA:43,0
DA:44,0
DA:45,0
DA:46,0
DA:47,0
DA:50,1
DA:51,1
DA:52,1
DA:53,1
DA:54,1
DA:70,1
DA:72,1
DA:75,1
DA:77,1
DA:79,1
DA:80,1
DA:81,1
DA:82,1
DA:83,1
DA:85,1
DA:105,1
DA:110,1
DA:113,1
DA:114,1
DA:116,1
DA:118,0
DA:119,0
DA:123,0
DA:124,0
DA:125,1
DA:127,1
DA:147,1
DA:152,1
DA:155,1
DA:156,1
DA:157,1
DA:159,1
DA:161,0
DA:162,0
DA:166,0
DA:167,0
DA:168,1
DA:170,1
LH:31
LF:44
end_of_record
SF:my/example/project/src/main/java/com/sample/project/spring/AppConfigModule.java
FN:9,com/sample/project/spring/AppConfigModule::<init> ()V
FN:14,com/sample/project/spring/AppConfigModule::SampleClientConfig ()Lcom/sample/my/example/common/client/bar/SampleClientConfig;
FNDA:1,com/sample/project/spring/AppConfigModule::<init> ()V
FNDA:1,com/sample/project/spring/AppConfigModule::SampleClientConfig ()Lcom/sample/my/example/common/client/bar/SampleClientConfig;
FNF:2
FNH:2
DA:9,1
DA:14,1
LH:2
LF:2
end_of_record
